<?xml version="1.0" encoding="UTF-8"?>
<testsuite xmlns:xsi="http://www.w3.org/2001/XMLSchema-instance" xsi:noNamespaceSchemaLocation="https://maven.apache.org/surefire/maven-surefire-plugin/xsd/surefire-test-report-3.0.xsd" version="3.0" name="io.datahub.platform.iamprovisioning.domain.exception.DomainValidationExceptionTest" time="0.011" tests="2" errors="0" skipped="0" failures="0">
  <properties>
[...]
</properties>
  <testcase name="should_rejectNullTypeNameAndReason_when_created" classname="io.datahub.platform.iamprovisioning.domain.exception.DomainValidationExceptionTest" time="0.004"/>
  <testcase name="should_exposeTypeNameAndReason_when_created" classname="io.datahub.platform.iamprovisioning.domain.exception.DomainValidationExceptionTest" time="0.003"/>
</testsuite>